19:15:44 kicad-kle-placer.kle_placer_action 497: Plugin executed with python version: '3.11.5 (main, Jan 27 2025, 07:08:36) [MSC v.1942 64 bit (AMD64)]'
19:16:05 kicad-kle-placer.kle_placer_action 512: User layout: Keyboard(meta=KeyboardMetadata(backcolor='#eeeeee', name='', author='', notes='', background=None, radii='', switchMount='', switchBrand='', switchType='', plate=False, pcb=False), keys=[Key(color='#cccccc', labels=['S', '', '', '', '', '', '', '', '', '', '', ''], text_color=[None, None, None, None, None, None, None, None, None, None, None, None], text_size=[None, None, None, None, None, None, None, None, None, None, None, None], default=KeyDefault(text_color='#000000', text_size=3), x=0.0, y=0.0, width=1.0, height=2, x2=0.0, y2=0.0, width2=1.0, height2=2, rotation_x=0.0, rotation_y=0.0, rotation_angle=0.0, decal=False, ghost=False, stepped=False, nub=False, profile='', sm='', sb='', st=''), Key(color='#cccccc', labels=['T', '', '', '', '', '', '', '', '', '', '', ''], text_color=[None, None, None, None, None, None, None, None, None, None, None, None], text_size=[None, None, None, None, None, None, None, None, None, None, None, None], default=KeyDefault(text_color='#000000', text_size=3), x=1.0, y=0.0, width=1, height=1, x2=0, y2=0, width2=1, height2=1, rotation_x=0.0, rotation_y=0.0, rotation_angle=0.0, decal=False, ghost=False, stepped=False, nub=False, profile='', sm='', sb='', st=''), Key(color='#cccccc', labels=['P', '', '', '', '', '', '', '', '', '', '', ''], text_color=[None, None, None, None, None, None, None, None, None, None, None, None], text_size=[None, None, None, None, None, None, None, None, None, None, None, None], default=KeyDefault(text_color='#000000', text_size=3), x=2.0, y=0.0, width=1, height=1, x2=0, y2=0, width2=1, height2=1, rotation_x=0.0, rotation_y=0.0, rotation_angle=0.0, decal=False, ghost=False, stepped=False, nub=False, profile='', sm='', sb='', st=''), Key(color='#cccccc', labels=['H', '', '', '', '', '', '', '', '', '', '', ''], text_color=[None, None, None, None, None, None, None, None, None, None, None, None], text_size=[None, None, None, None, None, None, None, None, None, None, None, None], default=KeyDefault(text_color='#000000', text_size=3), x=3.0, y=0.0, width=1, height=1, x2=0, y2=0, width2=1, height2=1, rotation_x=0.0, rotation_y=0.0, rotation_angle=0.0, decal=False, ghost=False, stepped=False, nub=False, profile='', sm='', sb='', st=''), Key(color='#cccccc', labels=['*', '', '', '', '', '', '', '', '', '', '', ''], text_color=[None, None, None, None, None, None, None, None, None, None, None, None], text_size=[None, None, None, None, None, None, None, None, None, None, None, None], default=KeyDefault(text_color='#000000', text_size=3), x=4.0, y=0.0, width=1, height=2, x2=0, y2=0, width2=1, height2=2, rotation_x=0.0, rotation_y=0.0, rotation_angle=0.0, decal=False, ghost=False, stepped=False, nub=False, profile='', sm='', sb='', st=''), Key(color='#cccccc', labels=['*', '', '', '', '', '', '', '', '', '', '', ''], text_color=[None, None, None, None, None, None, None, None, None, None, None, None], text_size=[None, None, None, None, None, None, None, None, None, None, None, None], default=KeyDefault(text_color='#000000', text_size=3), x=7.5, y=0.0, width=1, height=2, x2=0, y2=0, width2=1, height2=2, rotation_x=0.0, rotation_y=0.0, rotation_angle=0.0, decal=False, ghost=False, stepped=False, nub=False, profile='', sm='', sb='', st=''), Key(color='#cccccc', labels=['F', '', '', '', '', '', '', '', '', '', '', ''], text_color=[None, None, None, None, None, None, None, None, None, None, None, None], text_size=[None, None, None, None, None, None, None, None, None, None, None, None], default=KeyDefault(text_color='#000000', text_size=3), x=8.5, y=0.0, width=1, height=1, x2=0, y2=0, width2=1, height2=1, rotation_x=0.0, rotation_y=0.0, rotation_angle=0.0, decal=False, ghost=False, stepped=False, nub=False, profile='', sm='', sb='', st=''), Key(color='#cccccc', labels=['P', '', '', '', '', '', '', '', '', '', '', ''], text_color=[None, None, None, None, None, None, None, None, None, None, None, None], text_size=[None, None, None, None, None, None, None, None, None, None, None, None], default=KeyDefault(text_color='#000000', text_size=3), x=9.5, y=0.0, width=1, height=1, x2=0, y2=0, width2=1, height2=1, rotation_x=0.0, rotation_y=0.0, rotation_angle=0.0, decal=False, ghost=False, stepped=False, nub=False, profile='', sm='', sb='', st=''), Key(color='#cccccc', labels=['L', '', '', '', '', '', '', '', '', '', '', ''], text_color=[None, None, None, None, None, None, None, None, None, None, None, None], text_size=[None, None, None, None, None, None, None, None, None, None, None, None], default=KeyDefault(text_color='#000000', text_size=3), x=10.5, y=0.0, width=1, height=1, x2=0, y2=0, width2=1, height2=1, rotation_x=0.0, rotation_y=0.0, rotation_angle=0.0, decal=False, ghost=False, stepped=False, nub=False, profile='', sm='', sb='', st=''), Key(color='#cccccc', labels=['T', '', '', '', '', '', '', '', '', '', '', ''], text_color=[None, None, None, None, None, None, None, None, None, None, None, None], text_size=[None, None, None, None, None, None, None, None, None, None, None, None], default=KeyDefault(text_color='#000000', text_size=3), x=11.5, y=0.0, width=1, height=1, x2=0, y2=0, width2=1, height2=1, rotation_x=0.0, rotation_y=0.0, rotation_angle=0.0, decal=False, ghost=False, stepped=False, nub=False, profile='', sm='', sb='', st=''), Key(color='#cccccc', labels=['D', '', '', '', '', '', '', '', '', '', '', ''], text_color=[None, None, None, None, None, None, None, None, None, None, None, None], text_size=[None, None, None, None, None, None, None, None, None, None, None, None], default=KeyDefault(text_color='#000000', text_size=3), x=12.5, y=0.0, width=1, height=1, x2=0, y2=0, width2=1, height2=1, rotation_x=0.0, rotation_y=0.0, rotation_angle=0.0, decal=False, ghost=False, stepped=False, nub=False, profile='', sm='', sb='', st=''), Key(color='#cccccc', labels=['K', '', '', '', '', '', '', '', '', '', '', ''], text_color=[None, None, None, None, None, None, None, None, None, None, None, None], text_size=[None, None, None, None, None, None, None, None, None, None, None, None], default=KeyDefault(text_color='#000000', text_size=3), x=1.0, y=1.0, width=1, height=1, x2=0, y2=0, width2=1, height2=1, rotation_x=0.0, rotation_y=0.0, rotation_angle=0.0, decal=False, ghost=False, stepped=False, nub=False, profile='', sm='', sb='', st=''), Key(color='#cccccc', labels=['W', '', '', '', '', '', '', '', '', '', '', ''], text_color=[None, None, None, None, None, None, None, None, None, None, None, None], text_size=[None, None, None, None, None, None, None, None, None, None, None, None], default=KeyDefault(text_color='#000000', text_size=3), x=2.0, y=1.0, width=1, height=1, x2=0, y2=0, width2=1, height2=1, rotation_x=0.0, rotation_y=0.0, rotation_angle=0.0, decal=False, ghost=False, stepped=False, nub=False, profile='', sm='', sb='', st=''), Key(color='#cccccc', labels=['R', '', '', '', '', '', '', '', '', '', '', ''], text_color=[None, None, None, None, None, None, None, None, None, None, None, None], text_size=[None, None, None, None, None, None, None, None, None, None, None, None], default=KeyDefault(text_color='#000000', text_size=3), x=3.0, y=1.0, width=1, height=1, x2=0, y2=0, width2=1, height2=1, rotation_x=0.0, rotation_y=0.0, rotation_angle=0.0, decal=False, ghost=False, stepped=False, nub=False, profile='', sm='', sb='', st=''), Key(color='#cccccc', labels=['R', '', '', '', '', '', '', '', '', '', '', ''], text_color=[None, None, None, None, None, None, None, None, None, None, None, None], text_size=[None, None, None, None, None, None, None, None, None, None, None, None], default=KeyDefault(text_color='#000000', text_size=3), x=8.5, y=1.0, width=1, height=1, x2=0, y2=0, width2=1, height2=1, rotation_x=0.0, rotation_y=0.0, rotation_angle=0.0, decal=False, ghost=False, stepped=False, nub=False, profile='', sm='', sb='', st=''), Key(color='#cccccc', labels=['B', '', '', '', '', '', '', '', '', '', '', ''], text_color=[None, None, None, None, None, None, None, None, None, None, None, None], text_size=[None, None, None, None, None, None, None, None, None, None, None, None], default=KeyDefault(text_color='#000000', text_size=3), x=9.5, y=1.0, width=1, height=1, x2=0, y2=0, width2=1, height2=1, rotation_x=0.0, rotation_y=0.0, rotation_angle=0.0, decal=False, ghost=False, stepped=False, nub=False, profile='', sm='', sb='', st=''), Key(color='#cccccc', labels=['G', '', '', '', '', '', '', '', '', '', '', ''], text_color=[None, None, None, None, None, None, None, None, None, None, None, None], text_size=[None, None, None, None, None, None, None, None, None, None, None, None], default=KeyDefault(text_color='#000000', text_size=3), x=10.5, y=1.0, width=1, height=1, x2=0, y2=0, width2=1, height2=1, rotation_x=0.0, rotation_y=0.0, rotation_angle=0.0, decal=False, ghost=False, stepped=False, nub=False, profile='', sm='', sb='', st=''), Key(color='#cccccc', labels=['S', '', '', '', '', '', '', '', '', '', '', ''], text_color=[None, None, None, None, None, None, None, None, None, None, None, None], text_size=[None, None, None, None, None, None, None, None, None, None, None, None], default=KeyDefault(text_color='#000000', text_size=3), x=11.5, y=1.0, width=1, height=1, x2=0, y2=0, width2=1, height2=1, rotation_x=0.0, rotation_y=0.0, rotation_angle=0.0, decal=False, ghost=False, stepped=False, nub=False, profile='', sm='', sb='', st=''), Key(color='#cccccc', labels=['Z', '', '', '', '', '', '', '', '', '', '', ''], text_color=[None, None, None, None, None, None, None, None, None, None, None, None], text_size=[None, None, None, None, None, None, None, None, None, None, None, None], default=KeyDefault(text_color='#000000', text_size=3), x=12.5, y=1.0, width=1, height=1, x2=0, y2=0, width2=1, height2=1, rotation_x=0.0, rotation_y=0.0, rotation_angle=0.0, decal=False, ghost=False, stepped=False, nub=False, profile='', sm='', sb='', st=''), Key(color='#cccccc', labels=['#', '', '', '', '', '', '', '', '', '', '', ''], text_color=[None, None, None, None, None, None, None, None, None, None, None, None], text_size=[None, None, None, None, None, None, None, None, None, None, None, None], default=KeyDefault(text_color='#000000', text_size=3), x=1.8, y=2.7, width=1, height=1, x2=0, y2=0, width2=1, height2=1, rotation_x=0.0, rotation_y=0.0, rotation_angle=0.0, decal=False, ghost=False, stepped=False, nub=False, profile='', sm='', sb='', st=''), Key(color='#cccccc', labels=['A', '', '', '', '', '', '', '', '', '', '', ''], text_color=[None, None, None, None, None, None, None, None, None, None, None, None], text_size=[None, None, None, None, None, None, None, None, None, None, None, None], default=KeyDefault(text_color='#000000', text_size=3), x=3.0, y=2.7, width=1, height=1, x2=0, y2=0, width2=1, height2=1, rotation_x=0.0, rotation_y=0.0, rotation_angle=0.0, decal=False, ghost=False, stepped=False, nub=False, profile='', sm='', sb='', st=''), Key(color='#cccccc', labels=['O', '', '', '', '', '', '', '', '', '', '', ''], text_color=[None, None, None, None, None, None, None, None, None, None, None, None], text_size=[None, None, None, None, None, None, None, None, None, None, None, None], default=KeyDefault(text_color='#000000', text_size=3), x=4.0, y=2.7, width=1, height=1, x2=0, y2=0, width2=1, height2=1, rotation_x=0.0, rotation_y=0.0, rotation_angle=0.0, decal=False, ghost=False, stepped=False, nub=False, profile='', sm='', sb='', st=''), Key(color='#cccccc', labels=['E', '', '', '', '', '', '', '', '', '', '', ''], text_color=[None, None, None, None, None, None, None, None, None, None, None, None], text_size=[None, None, None, None, None, None, None, None, None, None, None, None], default=KeyDefault(text_color='#000000', text_size=3), x=7.5, y=2.7, width=1, height=1, x2=0, y2=0, width2=1, height2=1, rotation_x=0.0, rotation_y=0.0, rotation_angle=0.0, decal=False, ghost=False, stepped=False, nub=False, profile='', sm='', sb='', st=''), Key(color='#cccccc', labels=['U', '', '', '', '', '', '', '', '', '', '', ''], text_color=[None, None, None, None, None, None, None, None, None, None, None, None], text_size=[None, None, None, None, None, None, None, None, None, None, None, None], default=KeyDefault(text_color='#000000', text_size=3), x=8.5, y=2.7, width=1, height=1, x2=0, y2=0, width2=1, height2=1, rotation_x=0.0, rotation_y=0.0, rotation_angle=0.0, decal=False, ghost=False, stepped=False, nub=False, profile='', sm='', sb='', st=''), Key(color='#cccccc', labels=['#', '', '', '', '', '', '', '', '', '', '', ''], text_color=[None, None, None, None, None, None, None, None, None, None, None, None], text_size=[None, None, None, None, None, None, None, None, None, None, None, None], default=KeyDefault(text_color='#000000', text_size=3), x=9.7, y=2.7, width=1, height=1, x2=0, y2=0, width2=1, height2=1, rotation_x=0.0, rotation_y=0.0, rotation_angle=0.0, decal=False, ghost=False, stepped=False, nub=False, profile='', sm='', sb='', st='')])
19:16:05 kicad-kle-placer.kle_placer_action 181: [Key(color='#cccccc', labels=['S', '', '', '', '', '', '', '', '', '', '', ''], text_color=[None, None, None, None, None, None, None, None, None, None, None, None], text_size=[None, None, None, None, None, None, None, None, None, None, None, None], default=KeyDefault(text_color='#000000', text_size=3), x=0.0, y=0.0, width=1.0, height=2, x2=0.0, y2=0.0, width2=1.0, height2=2, rotation_x=0.0, rotation_y=0.0, rotation_angle=0.0, decal=False, ghost=False, stepped=False, nub=False, profile='', sm='', sb='', st=''), Key(color='#cccccc', labels=['T', '', '', '', '', '', '', '', '', '', '', ''], text_color=[None, None, None, None, None, None, None, None, None, None, None, None], text_size=[None, None, None, None, None, None, None, None, None, None, None, None], default=KeyDefault(text_color='#000000', text_size=3), x=1.0, y=0.0, width=1, height=1, x2=0, y2=0, width2=1, height2=1, rotation_x=0.0, rotation_y=0.0, rotation_angle=0.0, decal=False, ghost=False, stepped=False, nub=False, profile='', sm='', sb='', st=''), Key(color='#cccccc', labels=['P', '', '', '', '', '', '', '', '', '', '', ''], text_color=[None, None, None, None, None, None, None, None, None, None, None, None], text_size=[None, None, None, None, None, None, None, None, None, None, None, None], default=KeyDefault(text_color='#000000', text_size=3), x=2.0, y=0.0, width=1, height=1, x2=0, y2=0, width2=1, height2=1, rotation_x=0.0, rotation_y=0.0, rotation_angle=0.0, decal=False, ghost=False, stepped=False, nub=False, profile='', sm='', sb='', st=''), Key(color='#cccccc', labels=['H', '', '', '', '', '', '', '', '', '', '', ''], text_color=[None, None, None, None, None, None, None, None, None, None, None, None], text_size=[None, None, None, None, None, None, None, None, None, None, None, None], default=KeyDefault(text_color='#000000', text_size=3), x=3.0, y=0.0, width=1, height=1, x2=0, y2=0, width2=1, height2=1, rotation_x=0.0, rotation_y=0.0, rotation_angle=0.0, decal=False, ghost=False, stepped=False, nub=False, profile='', sm='', sb='', st=''), Key(color='#cccccc', labels=['*', '', '', '', '', '', '', '', '', '', '', ''], text_color=[None, None, None, None, None, None, None, None, None, None, None, None], text_size=[None, None, None, None, None, None, None, None, None, None, None, None], default=KeyDefault(text_color='#000000', text_size=3), x=4.0, y=0.0, width=1, height=2, x2=0, y2=0, width2=1, height2=2, rotation_x=0.0, rotation_y=0.0, rotation_angle=0.0, decal=False, ghost=False, stepped=False, nub=False, profile='', sm='', sb='', st=''), Key(color='#cccccc', labels=['*', '', '', '', '', '', '', '', '', '', '', ''], text_color=[None, None, None, None, None, None, None, None, None, None, None, None], text_size=[None, None, None, None, None, None, None, None, None, None, None, None], default=KeyDefault(text_color='#000000', text_size=3), x=7.5, y=0.0, width=1, height=2, x2=0, y2=0, width2=1, height2=2, rotation_x=0.0, rotation_y=0.0, rotation_angle=0.0, decal=False, ghost=False, stepped=False, nub=False, profile='', sm='', sb='', st=''), Key(color='#cccccc', labels=['F', '', '', '', '', '', '', '', '', '', '', ''], text_color=[None, None, None, None, None, None, None, None, None, None, None, None], text_size=[None, None, None, None, None, None, None, None, None, None, None, None], default=KeyDefault(text_color='#000000', text_size=3), x=8.5, y=0.0, width=1, height=1, x2=0, y2=0, width2=1, height2=1, rotation_x=0.0, rotation_y=0.0, rotation_angle=0.0, decal=False, ghost=False, stepped=False, nub=False, profile='', sm='', sb='', st=''), Key(color='#cccccc', labels=['P', '', '', '', '', '', '', '', '', '', '', ''], text_color=[None, None, None, None, None, None, None, None, None, None, None, None], text_size=[None, None, None, None, None, None, None, None, None, None, None, None], default=KeyDefault(text_color='#000000', text_size=3), x=9.5, y=0.0, width=1, height=1, x2=0, y2=0, width2=1, height2=1, rotation_x=0.0, rotation_y=0.0, rotation_angle=0.0, decal=False, ghost=False, stepped=False, nub=False, profile='', sm='', sb='', st=''), Key(color='#cccccc', labels=['L', '', '', '', '', '', '', '', '', '', '', ''], text_color=[None, None, None, None, None, None, None, None, None, None, None, None], text_size=[None, None, None, None, None, None, None, None, None, None, None, None], default=KeyDefault(text_color='#000000', text_size=3), x=10.5, y=0.0, width=1, height=1, x2=0, y2=0, width2=1, height2=1, rotation_x=0.0, rotation_y=0.0, rotation_angle=0.0, decal=False, ghost=False, stepped=False, nub=False, profile='', sm='', sb='', st=''), Key(color='#cccccc', labels=['T', '', '', '', '', '', '', '', '', '', '', ''], text_color=[None, None, None, None, None, None, None, None, None, None, None, None], text_size=[None, None, None, None, None, None, None, None, None, None, None, None], default=KeyDefault(text_color='#000000', text_size=3), x=11.5, y=0.0, width=1, height=1, x2=0, y2=0, width2=1, height2=1, rotation_x=0.0, rotation_y=0.0, rotation_angle=0.0, decal=False, ghost=False, stepped=False, nub=False, profile='', sm='', sb='', st=''), Key(color='#cccccc', labels=['D', '', '', '', '', '', '', '', '', '', '', ''], text_color=[None, None, None, None, None, None, None, None, None, None, None, None], text_size=[None, None, None, None, None, None, None, None, None, None, None, None], default=KeyDefault(text_color='#000000', text_size=3), x=12.5, y=0.0, width=1, height=1, x2=0, y2=0, width2=1, height2=1, rotation_x=0.0, rotation_y=0.0, rotation_angle=0.0, decal=False, ghost=False, stepped=False, nub=False, profile='', sm='', sb='', st=''), Key(color='#cccccc', labels=['K', '', '', '', '', '', '', '', '', '', '', ''], text_color=[None, None, None, None, None, None, None, None, None, None, None, None], text_size=[None, None, None, None, None, None, None, None, None, None, None, None], default=KeyDefault(text_color='#000000', text_size=3), x=1.0, y=1.0, width=1, height=1, x2=0, y2=0, width2=1, height2=1, rotation_x=0.0, rotation_y=0.0, rotation_angle=0.0, decal=False, ghost=False, stepped=False, nub=False, profile='', sm='', sb='', st=''), Key(color='#cccccc', labels=['W', '', '', '', '', '', '', '', '', '', '', ''], text_color=[None, None, None, None, None, None, None, None, None, None, None, None], text_size=[None, None, None, None, None, None, None, None, None, None, None, None], default=KeyDefault(text_color='#000000', text_size=3), x=2.0, y=1.0, width=1, height=1, x2=0, y2=0, width2=1, height2=1, rotation_x=0.0, rotation_y=0.0, rotation_angle=0.0, decal=False, ghost=False, stepped=False, nub=False, profile='', sm='', sb='', st=''), Key(color='#cccccc', labels=['R', '', '', '', '', '', '', '', '', '', '', ''], text_color=[None, None, None, None, None, None, None, None, None, None, None, None], text_size=[None, None, None, None, None, None, None, None, None, None, None, None], default=KeyDefault(text_color='#000000', text_size=3), x=3.0, y=1.0, width=1, height=1, x2=0, y2=0, width2=1, height2=1, rotation_x=0.0, rotation_y=0.0, rotation_angle=0.0, decal=False, ghost=False, stepped=False, nub=False, profile='', sm='', sb='', st=''), Key(color='#cccccc', labels=['R', '', '', '', '', '', '', '', '', '', '', ''], text_color=[None, None, None, None, None, None, None, None, None, None, None, None], text_size=[None, None, None, None, None, None, None, None, None, None, None, None], default=KeyDefault(text_color='#000000', text_size=3), x=8.5, y=1.0, width=1, height=1, x2=0, y2=0, width2=1, height2=1, rotation_x=0.0, rotation_y=0.0, rotation_angle=0.0, decal=False, ghost=False, stepped=False, nub=False, profile='', sm='', sb='', st=''), Key(color='#cccccc', labels=['B', '', '', '', '', '', '', '', '', '', '', ''], text_color=[None, None, None, None, None, None, None, None, None, None, None, None], text_size=[None, None, None, None, None, None, None, None, None, None, None, None], default=KeyDefault(text_color='#000000', text_size=3), x=9.5, y=1.0, width=1, height=1, x2=0, y2=0, width2=1, height2=1, rotation_x=0.0, rotation_y=0.0, rotation_angle=0.0, decal=False, ghost=False, stepped=False, nub=False, profile='', sm='', sb='', st=''), Key(color='#cccccc', labels=['G', '', '', '', '', '', '', '', '', '', '', ''], text_color=[None, None, None, None, None, None, None, None, None, None, None, None], text_size=[None, None, None, None, None, None, None, None, None, None, None, None], default=KeyDefault(text_color='#000000', text_size=3), x=10.5, y=1.0, width=1, height=1, x2=0, y2=0, width2=1, height2=1, rotation_x=0.0, rotation_y=0.0, rotation_angle=0.0, decal=False, ghost=False, stepped=False, nub=False, profile='', sm='', sb='', st=''), Key(color='#cccccc', labels=['S', '', '', '', '', '', '', '', '', '', '', ''], text_color=[None, None, None, None, None, None, None, None, None, None, None, None], text_size=[None, None, None, None, None, None, None, None, None, None, None, None], default=KeyDefault(text_color='#000000', text_size=3), x=11.5, y=1.0, width=1, height=1, x2=0, y2=0, width2=1, height2=1, rotation_x=0.0, rotation_y=0.0, rotation_angle=0.0, decal=False, ghost=False, stepped=False, nub=False, profile='', sm='', sb='', st=''), Key(color='#cccccc', labels=['Z', '', '', '', '', '', '', '', '', '', '', ''], text_color=[None, None, None, None, None, None, None, None, None, None, None, None], text_size=[None, None, None, None, None, None, None, None, None, None, None, None], default=KeyDefault(text_color='#000000', text_size=3), x=12.5, y=1.0, width=1, height=1, x2=0, y2=0, width2=1, height2=1, rotation_x=0.0, rotation_y=0.0, rotation_angle=0.0, decal=False, ghost=False, stepped=False, nub=False, profile='', sm='', sb='', st=''), Key(color='#cccccc', labels=['#', '', '', '', '', '', '', '', '', '', '', ''], text_color=[None, None, None, None, None, None, None, None, None, None, None, None], text_size=[None, None, None, None, None, None, None, None, None, None, None, None], default=KeyDefault(text_color='#000000', text_size=3), x=1.8, y=2.7, width=1, height=1, x2=0, y2=0, width2=1, height2=1, rotation_x=0.0, rotation_y=0.0, rotation_angle=0.0, decal=False, ghost=False, stepped=False, nub=False, profile='', sm='', sb='', st=''), Key(color='#cccccc', labels=['A', '', '', '', '', '', '', '', '', '', '', ''], text_color=[None, None, None, None, None, None, None, None, None, None, None, None], text_size=[None, None, None, None, None, None, None, None, None, None, None, None], default=KeyDefault(text_color='#000000', text_size=3), x=3.0, y=2.7, width=1, height=1, x2=0, y2=0, width2=1, height2=1, rotation_x=0.0, rotation_y=0.0, rotation_angle=0.0, decal=False, ghost=False, stepped=False, nub=False, profile='', sm='', sb='', st=''), Key(color='#cccccc', labels=['O', '', '', '', '', '', '', '', '', '', '', ''], text_color=[None, None, None, None, None, None, None, None, None, None, None, None], text_size=[None, None, None, None, None, None, None, None, None, None, None, None], default=KeyDefault(text_color='#000000', text_size=3), x=4.0, y=2.7, width=1, height=1, x2=0, y2=0, width2=1, height2=1, rotation_x=0.0, rotation_y=0.0, rotation_angle=0.0, decal=False, ghost=False, stepped=False, nub=False, profile='', sm='', sb='', st=''), Key(color='#cccccc', labels=['E', '', '', '', '', '', '', '', '', '', '', ''], text_color=[None, None, None, None, None, None, None, None, None, None, None, None], text_size=[None, None, None, None, None, None, None, None, None, None, None, None], default=KeyDefault(text_color='#000000', text_size=3), x=7.5, y=2.7, width=1, height=1, x2=0, y2=0, width2=1, height2=1, rotation_x=0.0, rotation_y=0.0, rotation_angle=0.0, decal=False, ghost=False, stepped=False, nub=False, profile='', sm='', sb='', st=''), Key(color='#cccccc', labels=['U', '', '', '', '', '', '', '', '', '', '', ''], text_color=[None, None, None, None, None, None, None, None, None, None, None, None], text_size=[None, None, None, None, None, None, None, None, None, None, None, None], default=KeyDefault(text_color='#000000', text_size=3), x=8.5, y=2.7, width=1, height=1, x2=0, y2=0, width2=1, height2=1, rotation_x=0.0, rotation_y=0.0, rotation_angle=0.0, decal=False, ghost=False, stepped=False, nub=False, profile='', sm='', sb='', st=''), Key(color='#cccccc', labels=['#', '', '', '', '', '', '', '', '', '', '', ''], text_color=[None, None, None, None, None, None, None, None, None, None, None, None], text_size=[None, None, None, None, None, None, None, None, None, None, None, None], default=KeyDefault(text_color='#000000', text_size=3), x=9.7, y=2.7, width=1, height=1, x2=0, y2=0, width2=1, height2=1, rotation_x=0.0, rotation_y=0.0, rotation_angle=0.0, decal=False, ghost=False, stepped=False, nub=False, profile='', sm='', sb='', st='')]
19:16:05 kicad-kle-placer.kle_placer_action 134: Searching for S1 footprint
19:16:05 kicad-kle-placer.kle_placer_action 348: first_key_pos (73914800, 27662800)
19:16:05 kicad-kle-placer.kle_placer_action 361: default_key_rotation 0.0
19:16:05 kicad-kle-placer.kle_placer_action 134: Searching for D1 footprint
19:16:05 kicad-kle-placer.kle_placer_action 134: Searching for D1 footprint
19:16:05 kicad-kle-placer.kle_placer_action 134: Searching for S1 footprint
19:16:05 kicad-kle-placer.kle_placer_action 134: Searching for S1 footprint
19:16:05 kicad-kle-placer.kle_placer_action 142: Setting S1 footprint position: (83439800, 46712800)
19:16:05 kicad-kle-placer.kle_placer_action 142: Setting D1 footprint position: (92990200, 49252800)
19:16:05 kicad-kle-placer.kle_placer_action 150: Rotating D1 footprint: rotationReference: (83439800, 46712800), rotationAngle: 0
19:16:05 kicad-kle-placer.kle_placer_action 142: Setting S1 footprint position: (83439800, 46712800)
19:16:05 kicad-kle-placer.kle_placer_action 134: Searching for D2 footprint
19:16:05 kicad-kle-placer.kle_placer_action 134: Searching for S2 footprint
19:16:05 kicad-kle-placer.kle_placer_action 134: Searching for S2 footprint
19:16:05 kicad-kle-placer.kle_placer_action 142: Setting S2 footprint position: (102489800, 37187800)
19:16:05 kicad-kle-placer.kle_placer_action 142: Setting D2 footprint position: (112040200, 39727800)
19:16:05 kicad-kle-placer.kle_placer_action 150: Rotating D2 footprint: rotationReference: (102489800, 37187800), rotationAngle: 0
19:16:05 kicad-kle-placer.kle_placer_action 142: Setting S2 footprint position: (102489800, 37187800)
19:16:05 kicad-kle-placer.kle_placer_action 134: Searching for D3 footprint
19:16:05 kicad-kle-placer.kle_placer_action 134: Searching for S3 footprint
19:16:05 kicad-kle-placer.kle_placer_action 134: Searching for S3 footprint
19:16:05 kicad-kle-placer.kle_placer_action 142: Setting S3 footprint position: (121539800, 37187800)
19:16:05 kicad-kle-placer.kle_placer_action 142: Setting D3 footprint position: (131090200, 39727800)
19:16:05 kicad-kle-placer.kle_placer_action 150: Rotating D3 footprint: rotationReference: (121539800, 37187800), rotationAngle: 0
19:16:05 kicad-kle-placer.kle_placer_action 142: Setting S3 footprint position: (121539800, 37187800)
19:16:05 kicad-kle-placer.kle_placer_action 134: Searching for D4 footprint
19:16:05 kicad-kle-placer.kle_placer_action 134: Searching for S4 footprint
19:16:05 kicad-kle-placer.kle_placer_action 134: Searching for S4 footprint
19:16:05 kicad-kle-placer.kle_placer_action 142: Setting S4 footprint position: (140589800, 37187800)
19:16:05 kicad-kle-placer.kle_placer_action 142: Setting D4 footprint position: (150140200, 39727800)
19:16:05 kicad-kle-placer.kle_placer_action 150: Rotating D4 footprint: rotationReference: (140589800, 37187800), rotationAngle: 0
19:16:05 kicad-kle-placer.kle_placer_action 142: Setting S4 footprint position: (140589800, 37187800)
19:16:05 kicad-kle-placer.kle_placer_action 134: Searching for D5 footprint
19:16:05 kicad-kle-placer.kle_placer_action 134: Searching for S5 footprint
19:16:05 kicad-kle-placer.kle_placer_action 134: Searching for S5 footprint
19:16:05 kicad-kle-placer.kle_placer_action 142: Setting S5 footprint position: (159639800, 46712800)
19:16:05 kicad-kle-placer.kle_placer_action 142: Setting D5 footprint position: (169190200, 49252800)
19:16:05 kicad-kle-placer.kle_placer_action 150: Rotating D5 footprint: rotationReference: (159639800, 46712800), rotationAngle: 0
19:16:05 kicad-kle-placer.kle_placer_action 142: Setting S5 footprint position: (159639800, 46712800)
19:16:05 kicad-kle-placer.kle_placer_action 134: Searching for D6 footprint
19:16:05 kicad-kle-placer.kle_placer_action 134: Searching for S6 footprint
19:16:05 kicad-kle-placer.kle_placer_action 134: Searching for S6 footprint
19:16:05 kicad-kle-placer.kle_placer_action 142: Setting S6 footprint position: (226314800, 46712800)
19:16:05 kicad-kle-placer.kle_placer_action 142: Setting D6 footprint position: (235865200, 49252800)
19:16:05 kicad-kle-placer.kle_placer_action 150: Rotating D6 footprint: rotationReference: (226314800, 46712800), rotationAngle: 0
19:16:05 kicad-kle-placer.kle_placer_action 142: Setting S6 footprint position: (226314800, 46712800)
19:16:05 kicad-kle-placer.kle_placer_action 134: Searching for D7 footprint
19:16:05 kicad-kle-placer.kle_placer_action 134: Searching for S7 footprint
19:16:05 kicad-kle-placer.kle_placer_action 134: Searching for S7 footprint
19:16:05 kicad-kle-placer.kle_placer_action 142: Setting S7 footprint position: (245364800, 37187800)
19:16:05 kicad-kle-placer.kle_placer_action 142: Setting D7 footprint position: (254915200, 39727800)
19:16:05 kicad-kle-placer.kle_placer_action 150: Rotating D7 footprint: rotationReference: (245364800, 37187800), rotationAngle: 0
19:16:05 kicad-kle-placer.kle_placer_action 142: Setting S7 footprint position: (245364800, 37187800)
19:16:05 kicad-kle-placer.kle_placer_action 134: Searching for D8 footprint
19:16:05 kicad-kle-placer.kle_placer_action 134: Searching for S8 footprint
19:16:05 kicad-kle-placer.kle_placer_action 134: Searching for S8 footprint
19:16:05 kicad-kle-placer.kle_placer_action 142: Setting S8 footprint position: (264414800, 37187800)
19:16:05 kicad-kle-placer.kle_placer_action 142: Setting D8 footprint position: (273965200, 39727800)
19:16:05 kicad-kle-placer.kle_placer_action 150: Rotating D8 footprint: rotationReference: (264414800, 37187800), rotationAngle: 0
19:16:05 kicad-kle-placer.kle_placer_action 142: Setting S8 footprint position: (264414800, 37187800)
19:16:05 kicad-kle-placer.kle_placer_action 134: Searching for D9 footprint
19:16:05 kicad-kle-placer.kle_placer_action 134: Searching for S9 footprint
19:16:05 kicad-kle-placer.kle_placer_action 134: Searching for S9 footprint
19:16:05 kicad-kle-placer.kle_placer_action 142: Setting S9 footprint position: (283464800, 37187800)
19:16:05 kicad-kle-placer.kle_placer_action 142: Setting D9 footprint position: (293015200, 39727800)
19:16:05 kicad-kle-placer.kle_placer_action 150: Rotating D9 footprint: rotationReference: (283464800, 37187800), rotationAngle: 0
19:16:05 kicad-kle-placer.kle_placer_action 142: Setting S9 footprint position: (283464800, 37187800)
19:16:05 kicad-kle-placer.kle_placer_action 134: Searching for D10 footprint
19:16:05 kicad-kle-placer.kle_placer_action 134: Searching for S10 footprint
19:16:05 kicad-kle-placer.kle_placer_action 134: Searching for S10 footprint
19:16:05 kicad-kle-placer.kle_placer_action 142: Setting S10 footprint position: (302514800, 37187800)
19:16:05 kicad-kle-placer.kle_placer_action 142: Setting D10 footprint position: (312065200, 39727800)
19:16:05 kicad-kle-placer.kle_placer_action 150: Rotating D10 footprint: rotationReference: (302514800, 37187800), rotationAngle: 0
19:16:05 kicad-kle-placer.kle_placer_action 142: Setting S10 footprint position: (302514800, 37187800)
19:16:05 kicad-kle-placer.kle_placer_action 134: Searching for D11 footprint
19:16:05 kicad-kle-placer.kle_placer_action 134: Searching for S11 footprint
19:16:05 kicad-kle-placer.kle_placer_action 134: Searching for S11 footprint
19:16:05 kicad-kle-placer.kle_placer_action 142: Setting S11 footprint position: (321564800, 37187800)
19:16:05 kicad-kle-placer.kle_placer_action 142: Setting D11 footprint position: (331115200, 39727800)
19:16:05 kicad-kle-placer.kle_placer_action 150: Rotating D11 footprint: rotationReference: (321564800, 37187800), rotationAngle: 0
19:16:05 kicad-kle-placer.kle_placer_action 142: Setting S11 footprint position: (321564800, 37187800)
19:16:05 kicad-kle-placer.kle_placer_action 134: Searching for D12 footprint
19:16:05 kicad-kle-placer.kle_placer_action 134: Searching for S12 footprint
19:16:05 kicad-kle-placer.kle_placer_action 134: Searching for S12 footprint
19:16:05 kicad-kle-placer.kle_placer_action 142: Setting S12 footprint position: (102489800, 56237800)
19:16:05 kicad-kle-placer.kle_placer_action 142: Setting D12 footprint position: (112040200, 58777800)
19:16:05 kicad-kle-placer.kle_placer_action 150: Rotating D12 footprint: rotationReference: (102489800, 56237800), rotationAngle: 0
19:16:05 kicad-kle-placer.kle_placer_action 142: Setting S12 footprint position: (102489800, 56237800)
19:16:05 kicad-kle-placer.kle_placer_action 134: Searching for D13 footprint
19:16:05 kicad-kle-placer.kle_placer_action 134: Searching for S13 footprint
19:16:05 kicad-kle-placer.kle_placer_action 134: Searching for S13 footprint
19:16:05 kicad-kle-placer.kle_placer_action 142: Setting S13 footprint position: (121539800, 56237800)
19:16:05 kicad-kle-placer.kle_placer_action 142: Setting D13 footprint position: (131090200, 58777800)
19:16:05 kicad-kle-placer.kle_placer_action 150: Rotating D13 footprint: rotationReference: (121539800, 56237800), rotationAngle: 0
19:16:05 kicad-kle-placer.kle_placer_action 142: Setting S13 footprint position: (121539800, 56237800)
19:16:05 kicad-kle-placer.kle_placer_action 134: Searching for D14 footprint
19:16:05 kicad-kle-placer.kle_placer_action 134: Searching for S14 footprint
19:16:05 kicad-kle-placer.kle_placer_action 134: Searching for S14 footprint
19:16:05 kicad-kle-placer.kle_placer_action 142: Setting S14 footprint position: (140589800, 56237800)
19:16:05 kicad-kle-placer.kle_placer_action 142: Setting D14 footprint position: (150140200, 58777800)
19:16:05 kicad-kle-placer.kle_placer_action 150: Rotating D14 footprint: rotationReference: (140589800, 56237800), rotationAngle: 0
19:16:05 kicad-kle-placer.kle_placer_action 142: Setting S14 footprint position: (140589800, 56237800)
19:16:05 kicad-kle-placer.kle_placer_action 134: Searching for D15 footprint
19:16:05 kicad-kle-placer.kle_placer_action 134: Searching for S15 footprint
19:16:05 kicad-kle-placer.kle_placer_action 134: Searching for S15 footprint
19:16:05 kicad-kle-placer.kle_placer_action 142: Setting S15 footprint position: (245364800, 56237800)
19:16:05 kicad-kle-placer.kle_placer_action 142: Setting D15 footprint position: (254915200, 58777800)
19:16:05 kicad-kle-placer.kle_placer_action 150: Rotating D15 footprint: rotationReference: (245364800, 56237800), rotationAngle: 0
19:16:05 kicad-kle-placer.kle_placer_action 142: Setting S15 footprint position: (245364800, 56237800)
19:16:05 kicad-kle-placer.kle_placer_action 134: Searching for D16 footprint
19:16:05 kicad-kle-placer.kle_placer_action 134: Searching for S16 footprint
19:16:05 kicad-kle-placer.kle_placer_action 134: Searching for S16 footprint
19:16:05 kicad-kle-placer.kle_placer_action 142: Setting S16 footprint position: (264414800, 56237800)
19:16:05 kicad-kle-placer.kle_placer_action 142: Setting D16 footprint position: (273965200, 58777800)
19:16:05 kicad-kle-placer.kle_placer_action 150: Rotating D16 footprint: rotationReference: (264414800, 56237800), rotationAngle: 0
19:16:05 kicad-kle-placer.kle_placer_action 142: Setting S16 footprint position: (264414800, 56237800)
19:16:05 kicad-kle-placer.kle_placer_action 134: Searching for D17 footprint
19:16:05 kicad-kle-placer.kle_placer_action 134: Searching for S17 footprint
19:16:05 kicad-kle-placer.kle_placer_action 134: Searching for S17 footprint
19:16:05 kicad-kle-placer.kle_placer_action 142: Setting S17 footprint position: (283464800, 56237800)
19:16:05 kicad-kle-placer.kle_placer_action 142: Setting D17 footprint position: (293015200, 58777800)
19:16:05 kicad-kle-placer.kle_placer_action 150: Rotating D17 footprint: rotationReference: (283464800, 56237800), rotationAngle: 0
19:16:05 kicad-kle-placer.kle_placer_action 142: Setting S17 footprint position: (283464800, 56237800)
19:16:05 kicad-kle-placer.kle_placer_action 134: Searching for D18 footprint
19:16:05 kicad-kle-placer.kle_placer_action 134: Searching for S18 footprint
19:16:05 kicad-kle-placer.kle_placer_action 134: Searching for S18 footprint
19:16:05 kicad-kle-placer.kle_placer_action 142: Setting S18 footprint position: (302514800, 56237800)
19:16:05 kicad-kle-placer.kle_placer_action 142: Setting D18 footprint position: (312065200, 58777800)
19:16:05 kicad-kle-placer.kle_placer_action 150: Rotating D18 footprint: rotationReference: (302514800, 56237800), rotationAngle: 0
19:16:05 kicad-kle-placer.kle_placer_action 142: Setting S18 footprint position: (302514800, 56237800)
19:16:05 kicad-kle-placer.kle_placer_action 134: Searching for D19 footprint
19:16:05 kicad-kle-placer.kle_placer_action 134: Searching for S19 footprint
19:16:05 kicad-kle-placer.kle_placer_action 134: Searching for S19 footprint
19:16:05 kicad-kle-placer.kle_placer_action 142: Setting S19 footprint position: (321564800, 56237800)
19:16:05 kicad-kle-placer.kle_placer_action 142: Setting D19 footprint position: (331115200, 58777800)
19:16:05 kicad-kle-placer.kle_placer_action 150: Rotating D19 footprint: rotationReference: (321564800, 56237800), rotationAngle: 0
19:16:05 kicad-kle-placer.kle_placer_action 142: Setting S19 footprint position: (321564800, 56237800)
19:16:05 kicad-kle-placer.kle_placer_action 134: Searching for D20 footprint
19:16:05 kicad-kle-placer.kle_placer_action 134: Searching for S20 footprint
19:16:05 kicad-kle-placer.kle_placer_action 134: Searching for S20 footprint
19:16:05 kicad-kle-placer.kle_placer_action 142: Setting S20 footprint position: (117729800, 88622800)
19:16:05 kicad-kle-placer.kle_placer_action 142: Setting D20 footprint position: (127280200, 91162800)
19:16:05 kicad-kle-placer.kle_placer_action 150: Rotating D20 footprint: rotationReference: (117729800, 88622800), rotationAngle: 0
19:16:05 kicad-kle-placer.kle_placer_action 142: Setting S20 footprint position: (117729800, 88622800)
19:16:05 kicad-kle-placer.kle_placer_action 134: Searching for D21 footprint
19:16:05 kicad-kle-placer.kle_placer_action 134: Searching for S21 footprint
19:16:05 kicad-kle-placer.kle_placer_action 134: Searching for S21 footprint
19:16:05 kicad-kle-placer.kle_placer_action 142: Setting S21 footprint position: (140589800, 88622800)
19:16:05 kicad-kle-placer.kle_placer_action 142: Setting D21 footprint position: (150140200, 91162800)
19:16:05 kicad-kle-placer.kle_placer_action 150: Rotating D21 footprint: rotationReference: (140589800, 88622800), rotationAngle: 0
19:16:05 kicad-kle-placer.kle_placer_action 142: Setting S21 footprint position: (140589800, 88622800)
19:16:05 kicad-kle-placer.kle_placer_action 134: Searching for D22 footprint
19:16:05 kicad-kle-placer.kle_placer_action 134: Searching for S22 footprint
19:16:05 kicad-kle-placer.kle_placer_action 134: Searching for S22 footprint
19:16:05 kicad-kle-placer.kle_placer_action 142: Setting S22 footprint position: (159639800, 88622800)
19:16:05 kicad-kle-placer.kle_placer_action 142: Setting D22 footprint position: (169190200, 91162800)
19:16:05 kicad-kle-placer.kle_placer_action 150: Rotating D22 footprint: rotationReference: (159639800, 88622800), rotationAngle: 0
19:16:05 kicad-kle-placer.kle_placer_action 142: Setting S22 footprint position: (159639800, 88622800)
19:16:05 kicad-kle-placer.kle_placer_action 134: Searching for D23 footprint
19:16:05 kicad-kle-placer.kle_placer_action 134: Searching for S23 footprint
19:16:05 kicad-kle-placer.kle_placer_action 134: Searching for S23 footprint
19:16:05 kicad-kle-placer.kle_placer_action 142: Setting S23 footprint position: (226314800, 88622800)
19:16:05 kicad-kle-placer.kle_placer_action 142: Setting D23 footprint position: (235865200, 91162800)
19:16:05 kicad-kle-placer.kle_placer_action 150: Rotating D23 footprint: rotationReference: (226314800, 88622800), rotationAngle: 0
19:16:05 kicad-kle-placer.kle_placer_action 142: Setting S23 footprint position: (226314800, 88622800)
19:16:05 kicad-kle-placer.kle_placer_action 134: Searching for D24 footprint
19:16:05 kicad-kle-placer.kle_placer_action 134: Searching for S24 footprint
19:16:05 kicad-kle-placer.kle_placer_action 134: Searching for S24 footprint
19:16:05 kicad-kle-placer.kle_placer_action 142: Setting S24 footprint position: (245364800, 88622800)
19:16:05 kicad-kle-placer.kle_placer_action 142: Setting D24 footprint position: (254915200, 91162800)
19:16:05 kicad-kle-placer.kle_placer_action 150: Rotating D24 footprint: rotationReference: (245364800, 88622800), rotationAngle: 0
19:16:05 kicad-kle-placer.kle_placer_action 142: Setting S24 footprint position: (245364800, 88622800)
19:16:05 kicad-kle-placer.kle_placer_action 134: Searching for D25 footprint
19:16:05 kicad-kle-placer.kle_placer_action 134: Searching for S25 footprint
19:16:05 kicad-kle-placer.kle_placer_action 134: Searching for S25 footprint
19:16:05 kicad-kle-placer.kle_placer_action 142: Setting S25 footprint position: (268224800, 88622800)
19:16:05 kicad-kle-placer.kle_placer_action 142: Setting D25 footprint position: (277775200, 91162800)
19:16:05 kicad-kle-placer.kle_placer_action 150: Rotating D25 footprint: rotationReference: (268224800, 88622800), rotationAngle: 0
19:16:05 kicad-kle-placer.kle_placer_action 142: Setting S25 footprint position: (268224800, 88622800)
